#
# A fatal error has been detected by the Java Runtime Environment:
#
#  SIGSEGV (0xb) at pc=0x0000000102a3452c, pid=35285, tid=0x0000000000000a0b
#
# JRE version: Java(TM) SE Runtime Environment (8.0_101-b13) (build 1.8.0_101-b13)
# Java VM: Java HotSpot(TM) 64-Bit Server VM (25.101-b13 mixed mode bsd-amd64 compressed oops)
# Problematic frame:
# V  [libjvm.dylib+0x31e52c]  jni_GetStringUTFChars+0x66
#
# Failed to write core dump. Core dumps have been disabled. To enable core dumping, try "ulimit -c unlimited" before starting Java again
#
# If you would like to submit a bug report, please visit:
#   http://bugreport.java.com/bugreport/crash.jsp
#

---------------  T H R E A D  ---------------

Current thread (0x00007fbf2c801800):  JavaThread "main" [_thread_in_vm, id=2571, stack(0x00007fff5ccfc000,0x00007fff5d4fc000)]

siginfo: si_signo: 11 (SIGSEGV), si_code: 1 (SEGV_MAPERR), si_addr: 0x0000000000000000

Registers:
RAX=0x0000000102d2aa02, RBX=0x0000000000000000, RCX=0x00007fbf2c801800, RDX=0x0000000000000000
RSP=0x00007fff5d4faa20, RBP=0x00007fff5d4faaa0, RSI=0x0000000000000000, RDI=0x00007fbf2c8019f8
R8 =0x0000000000000000, R9 =0x0000000000000000, R10=0x0000000102d2aa02, R11=0x0000000103af78e0
R12=0x00007fbf2c801800, R13=0x0000000000000000, R14=0x0000000000000000, R15=0x00007fbf2c8019f8
RIP=0x0000000102a3452c, EFLAGS=0x0000000000010206, ERR=0x0000000000000004
  TRAPNO=0x000000000000000e

Top of Stack: (sp=0x00007fff5d4faa20)
0x00007fff5d4faa20:   00007fbf2c801800 00007fbf2b700980
0x00007fff5d4faa30:   00007fbf000001c6 0000000102d2aa02
0x00007fff5d4faa40:   00007fbf2c801800 00007fbf2c801800
0x00007fff5d4faa50:   00007fff5d4fabc0 0000000102a3a1ac
0x00007fff5d4faa60:   2000000000000000 00007fbf2b700980
0x00007fff5d4faa70:   00007fbf2c8019f8 0000000000000000
0x00007fff5d4faa80:   0000000000000000 0000000000000000
0x00007fff5d4faa90:   0000000000000000 0000000000000000
0x00007fff5d4faaa0:   00007fff5d4faae0 00000001027073d5
0x00007fff5d4faab0:   ffffffffffffffff 0000000102a344c6
0x00007fff5d4faac0:   0000000000000000 0000000000000000
0x00007fff5d4faad0:   0000000000000000 00007fbf2c8019f8
0x00007fff5d4faae0:   00007fff5d4fae50 0000000102706b00
0x00007fff5d4faaf0:   0000000000000000 00007fbf2b700240
0x00007fff5d4fab00:   00007fbf2b700580 00007fbf2b700590
0x00007fff5d4fab10:   00007fbf2b700968 00000000000003d8
0x00007fff5d4fab20:   0000000102f41c30 000000011cb23850
0x00007fff5d4fab30:   000000005d4fabf0 00007fff5d4fabf0
0x00007fff5d4fab40:   0000000000000000 00007fff5d4fac18
0x00007fff5d4fab50:   000000011c3c1b90 00007fbf2c801800
0x00007fff5d4fab60:   000000011c3c1b90 00007fbf2c801800
0x00007fff5d4fab70:   00007fff5d4faf10 00007fbf2b403b90
0x00007fff5d4fab80:   00007fff5d4faf10 000000011c3c1b90
0x00007fff5d4fab90:   000000011c3c1b90 00007fff5d4fae30
0x00007fff5d4faba0:   00007fbf2c8019f8 00007fbf2c801800
0x00007fff5d4fabb0:   0000000000000000 00007fbf2d00bf00
0x00007fff5d4fabc0:   00007fff5d4fac80 0000000102a2a34f
0x00007fff5d4fabd0:   00007fbf2c801800 0000000102f42d60
0x00007fff5d4fabe0:   000000011cb23850 000000005d4fac07
0x00007fff5d4fabf0:   000000000000000c 00007fff5d4faa80
0x00007fff5d4fac00:   0000003000000020 00007fff5d4fae60
0x00007fff5d4fac10:   00007fff5d4fad60 00007fff0000000c 

Instructions: (pc=0x0000000102a3452c)
0x0000000102a3450c:   00 49 83 7c 24 08 00 74 09 48 8d 7d 80 e8 00 90
0x0000000102a3451c:   19 00 4c 89 ff 4c 89 f6 48 89 da 90 0f 1f 40 00
0x0000000102a3452c:   4d 8b 36 4c 89 f7 e8 19 39 fa ff 48 85 c0 75 05
0x0000000102a3453c:   45 31 ff eb 4f 4c 89 f7 e8 c1 5c fd ff 41 89 c7 

Register to memory mapping:

RAX=0x0000000102d2aa02: _ZZNK3Set11asSparseSetEvE8__func__+0x16a2 in /Library/Java/JavaVirtualMachines/jdk1.8.0_101.jdk/Contents/Home/jre/lib/server/libjvm.dylib at 0x0000000102716000
RBX=0x0000000000000000 is an unknown value
RCX=0x00007fbf2c801800 is a thread
RDX=0x0000000000000000 is an unknown value
RSP=0x00007fff5d4faa20 is pointing into the stack for thread: 0x00007fbf2c801800
RBP=0x00007fff5d4faaa0 is pointing into the stack for thread: 0x00007fbf2c801800
RSI=0x0000000000000000 is an unknown value
RDI=0x00007fbf2c8019f8 is an unknown value
R8 =0x0000000000000000 is an unknown value
R9 =0x0000000000000000 is an unknown value
R10=0x0000000102d2aa02: _ZZNK3Set11asSparseSetEvE8__func__+0x16a2 in /Library/Java/JavaVirtualMachines/jdk1.8.0_101.jdk/Contents/Home/jre/lib/server/libjvm.dylib at 0x0000000102716000
R11=0x0000000103af78e0 is at entry_point+32 in (nmethod*)0x0000000103af7750
R12=0x00007fbf2c801800 is a thread
R13=0x0000000000000000 is an unknown value
R14=0x0000000000000000 is an unknown value
R15=0x00007fbf2c8019f8 is an unknown value


Stack: [0x00007fff5ccfc000,0x00007fff5d4fc000],  sp=0x00007fff5d4faa20,  free space=8186k
Native frames: (J=compiled Java code, j=interpreted, Vv=VM code, C=native code)
V  [libjvm.dylib+0x31e52c]  jni_GetStringUTFChars+0x66
C  [jnicall+0x33d5]  JNIEnv_::GetStringUTFChars(_jstring*, unsigned char*)+0x45
C  [jnicall+0x2b00]  JNI_CALL_JAVA_ALGORITHMs::Convert_JString_to_STDString(_jstring*)+0x50
C  [jnicall+0x258f]  JNI_CALL_JAVA_ALGORITHMs::JNI_CALL_JAVA_Get_KShortestPaths(std::__1::basic_string<char, std::__1::char_traits<char>, std::__1::allocator<char> >, std::__1::basic_string<char, std::__1::char_traits<char>, std::__1::allocator<char> >)+0x71f
C  [jnicall+0x7225]  main+0x2c5
C  [libdyld.dylib+0x35ad]  start+0x1
C  0x0000000000000001


---------------  P R O C E S S  ---------------

Java Threads: ( => current thread )
  0x00007fbf2d880000 JavaThread "Service Thread" daemon [_thread_blocked, id=18691, stack(0x00007000011cd000,0x00007000012cd000)]
  0x00007fbf2c033000 JavaThread "C1 CompilerThread3" daemon [_thread_blocked, id=18179, stack(0x00007000010ca000,0x00007000011ca000)]
  0x00007fbf2c830800 JavaThread "C2 CompilerThread2" daemon [_thread_in_native, id=17667, stack(0x0000700000fc7000,0x00007000010c7000)]
  0x00007fbf2c028000 JavaThread "C2 CompilerThread1" daemon [_thread_in_native, id=17155, stack(0x0000700000ec4000,0x0000700000fc4000)]
  0x00007fbf2c026000 JavaThread "C2 CompilerThread0" daemon [_thread_in_native, id=16643, stack(0x0000700000dc1000,0x0000700000ec1000)]
  0x00007fbf2c00d000 JavaThread "Signal Dispatcher" daemon [_thread_blocked, id=12303, stack(0x0000700000cbe000,0x0000700000dbe000)]
  0x00007fbf2c82b000 JavaThread "Finalizer" daemon [_thread_blocked, id=10755, stack(0x0000700000a1f000,0x0000700000b1f000)]
  0x00007fbf2c828800 JavaThread "Reference Handler" daemon [_thread_blocked, id=10243, stack(0x000070000091c000,0x0000700000a1c000)]
=>0x00007fbf2c801800 JavaThread "main" [_thread_in_vm, id=2571, stack(0x00007fff5ccfc000,0x00007fff5d4fc000)]

Other Threads:
  0x00007fbf2c823800 VMThread [stack: 0x0000700000819000,0x0000700000919000] [id=9731]
  0x00007fbf2c007000 WatcherThread [stack: 0x00007000012d0000,0x00007000013d0000] [id=19203]

VM state:not at safepoint (normal execution)

VM Mutex/Monitor currently owned by a thread: None

Heap:
 PSYoungGen      total 76288K, used 31460K [0x000000076ab00000, 0x0000000770000000, 0x00000007c0000000)
  eden space 65536K, 48% used [0x000000076ab00000,0x000000076c9b9100,0x000000076eb00000)
  from space 10752K, 0% used [0x000000076f580000,0x000000076f580000,0x0000000770000000)
  to   space 10752K, 0% used [0x000000076eb00000,0x000000076eb00000,0x000000076f580000)
 ParOldGen       total 175104K, used 0K [0x00000006c0000000, 0x00000006cab00000, 0x000000076ab00000)
  object space 175104K, 0% used [0x00000006c0000000,0x00000006c0000000,0x00000006cab00000)
 Metaspace       used 3416K, capacity 4830K, committed 5120K, reserved 1056768K
  class space    used 373K, capacity 457K, committed 512K, reserved 1048576K

Card table byte_map: [0x0000000112d4c000,0x000000011354d000] byte_map_base: 0x000000010f74c000

Marking Bits: (ParMarkBitMap*) 0x0000000103003d20
 Begin Bits: [0x0000000113aa3000, 0x0000000117aa3000)
 End Bits:   [0x0000000117aa3000, 0x000000011baa3000)

Polling page: 0x0000000103979000

CodeCache: size=245760Kb used=1851Kb max_used=1851Kb free=243908Kb
 bounds [0x000000010398c000, 0x0000000103bfc000, 0x000000011298c000]
 total_blobs=591 nmethods=318 adapters=186
 compilation: enabled

Compilation events (10 events):
Event: 0.287 Thread 0x00007fbf2c033000  325       3       java.nio.ByteBuffer::arrayOffset (35 bytes)
Event: 0.287 Thread 0x00007fbf2c033000 nmethod 325 0x0000000103b525d0 code [0x0000000103b52760, 0x0000000103b52a78]
Event: 0.287 Thread 0x00007fbf2c033000  326       3       java.nio.Buffer::position (43 bytes)
Event: 0.287 Thread 0x00007fbf2c033000 nmethod 326 0x0000000103b520d0 code [0x0000000103b52240, 0x0000000103b52508]
Event: 0.288 Thread 0x00007fbf2c033000  327       3       java.nio.CharBuffer::arrayOffset (35 bytes)
Event: 0.288 Thread 0x00007fbf2c033000 nmethod 327 0x0000000103b51ad0 code [0x0000000103b51c60, 0x0000000103b51f78]
Event: 0.288 Thread 0x00007fbf2c033000  329       3       java.lang.StringBuilder::append (9 bytes)
Event: 0.288 Thread 0x00007fbf2c033000 nmethod 329 0x0000000103b5a450 code [0x0000000103b5a5e0, 0x0000000103b5a9d8]
Event: 0.288 Thread 0x00007fbf2c033000  330       3       java.lang.String::valueOf (14 bytes)
Event: 0.288 Thread 0x00007fbf2c033000 nmethod 330 0x0000000103b5ab50 code [0x0000000103b5acc0, 0x0000000103b5af08]

GC Heap History (0 events):
No events

Deoptimization events (1 events):
Event: 0.132 Thread 0x00007fbf2c801800 Uncommon trap: reason=unstable_if action=reinterpret pc=0x0000000103af9bc4 method=java.util.HashMap.getNode(ILjava/lang/Object;)Ljava/util/HashMap$Node; @ 49

Internal exceptions (10 events):
Event: 0.079 Thread 0x00007fbf2c801800 Exception <a 'java/security/PrivilegedActionException'> (0x000000076aba6620) thrown at [/HUDSON3/workspace/8-2-build-macosx-x86_64/jdk8u101/7261/hotspot/src/share/vm/prims/jvm.cpp, line 1386]
Event: 0.080 Thread 0x00007fbf2c801800 Exception <a 'java/util/zip/ZipException'> (0x000000076aba73a0) thrown at [/HUDSON3/workspace/8-2-build-macosx-x86_64/jdk8u101/7261/hotspot/src/share/vm/prims/jni.cpp, line 709]
Event: 0.080 Thread 0x00007fbf2c801800 Exception <a 'java/security/PrivilegedActionException'> (0x000000076aba75a8) thrown at [/HUDSON3/workspace/8-2-build-macosx-x86_64/jdk8u101/7261/hotspot/src/share/vm/prims/jvm.cpp, line 1386]
Event: 0.080 Thread 0x00007fbf2c801800 Exception <a 'java/security/PrivilegedActionException'> (0x000000076aba77b8) thrown at [/HUDSON3/workspace/8-2-build-macosx-x86_64/jdk8u101/7261/hotspot/src/share/vm/prims/jvm.cpp, line 1386]
Event: 0.080 Thread 0x00007fbf2c801800 Exception <a 'java/util/zip/ZipException'> (0x000000076aba8538) thrown at [/HUDSON3/workspace/8-2-build-macosx-x86_64/jdk8u101/7261/hotspot/src/share/vm/prims/jni.cpp, line 709]
Event: 0.080 Thread 0x00007fbf2c801800 Exception <a 'java/security/PrivilegedActionException'> (0x000000076aba8740) thrown at [/HUDSON3/workspace/8-2-build-macosx-x86_64/jdk8u101/7261/hotspot/src/share/vm/prims/jvm.cpp, line 1386]
Event: 0.080 Thread 0x00007fbf2c801800 Exception <a 'java/security/PrivilegedActionException'> (0x000000076aba8950) thrown at [/HUDSON3/workspace/8-2-build-macosx-x86_64/jdk8u101/7261/hotspot/src/share/vm/prims/jvm.cpp, line 1386]
Event: 0.082 Thread 0x00007fbf2c801800 Exception <a 'java/util/zip/ZipException'> (0x000000076abba610) thrown at [/HUDSON3/workspace/8-2-build-macosx-x86_64/jdk8u101/7261/hotspot/src/share/vm/prims/jni.cpp, line 709]
Event: 0.082 Thread 0x00007fbf2c801800 Exception <a 'java/security/PrivilegedActionException'> (0x000000076abba818) thrown at [/HUDSON3/workspace/8-2-build-macosx-x86_64/jdk8u101/7261/hotspot/src/share/vm/prims/jvm.cpp, line 1386]
Event: 0.082 Thread 0x00007fbf2c801800 Exception <a 'java/security/PrivilegedActionException'> (0x000000076abbaa28) thrown at [/HUDSON3/workspace/8-2-build-macosx-x86_64/jdk8u101/7261/hotspot/src/share/vm/prims/jvm.cpp, line 1386]

Events (10 events):
Event: 0.285 loading class sun/misc/FloatingDecimal$1
Event: 0.285 loading class sun/misc/FloatingDecimal$1 done
Event: 0.285 loading class sun/misc/FloatingDecimal$PreparedASCIIToBinaryBuffer
Event: 0.285 loading class sun/misc/FloatingDecimal$ASCIIToBinaryConverter
Event: 0.285 loading class sun/misc/FloatingDecimal$ASCIIToBinaryConverter done
Event: 0.285 loading class sun/misc/FloatingDecimal$PreparedASCIIToBinaryBuffer done
Event: 0.285 loading class sun/misc/FDBigInteger
Event: 0.285 loading class sun/misc/FDBigInteger done
Event: 0.288 loading class java/lang/IndexOutOfBoundsException
Event: 0.288 loading class java/lang/IndexOutOfBoundsException done


Dynamic libraries:
0x0000000002d9e000 	/usr/lib/libc++.1.dylib
0x0000000102716000 	/Library/Java/JavaVirtualMachines/jdk1.8.0_101.jdk/Contents/Home/jre/lib/server/libjvm.dylib
0x0000000002d9e000 	/usr/lib/libSystem.B.dylib
0x0000000002d9e000 	/usr/lib/libc++abi.dylib
0x0000000002d9e000 	/usr/lib/system/libcache.dylib
0x0000000002d9e000 	/usr/lib/system/libcommonCrypto.dylib
0x0000000002d9e000 	/usr/lib/system/libcompiler_rt.dylib
0x0000000002d9e000 	/usr/lib/system/libcopyfile.dylib
0x0000000002d9e000 	/usr/lib/system/libcorecrypto.dylib
0x0000000002d9e000 	/usr/lib/system/libdispatch.dylib
0x0000000002d9e000 	/usr/lib/system/libdyld.dylib
0x0000000002d9e000 	/usr/lib/system/libkeymgr.dylib
0x0000000002d9e000 	/usr/lib/system/liblaunch.dylib
0x0000000002d9e000 	/usr/lib/system/libmacho.dylib
0x0000000002d9e000 	/usr/lib/system/libquarantine.dylib
0x0000000002d9e000 	/usr/lib/system/libremovefile.dylib
0x0000000002d9e000 	/usr/lib/system/libsystem_asl.dylib
0x0000000002d9e000 	/usr/lib/system/libsystem_blocks.dylib
0x0000000002d9e000 	/usr/lib/system/libsystem_c.dylib
0x0000000002d9e000 	/usr/lib/system/libsystem_configuration.dylib
0x0000000002d9e000 	/usr/lib/system/libsystem_coreservices.dylib
0x0000000002d9e000 	/usr/lib/system/libsystem_coretls.dylib
0x0000000002d9e000 	/usr/lib/system/libsystem_dnssd.dylib
0x0000000002d9e000 	/usr/lib/system/libsystem_info.dylib
0x0000000002d9e000 	/usr/lib/system/libsystem_kernel.dylib
0x0000000002d9e000 	/usr/lib/system/libsystem_m.dylib
0x0000000002d9e000 	/usr/lib/system/libsystem_malloc.dylib
0x0000000002d9e000 	/usr/lib/system/libsystem_network.dylib
0x0000000002d9e000 	/usr/lib/system/libsystem_networkextension.dylib
0x0000000002d9e000 	/usr/lib/system/libsystem_notify.dylib
0x0000000002d9e000 	/usr/lib/system/libsystem_platform.dylib
0x0000000002d9e000 	/usr/lib/system/libsystem_pthread.dylib
0x0000000002d9e000 	/usr/lib/system/libsystem_sandbox.dylib
0x0000000002d9e000 	/usr/lib/system/libsystem_secinit.dylib
0x0000000002d9e000 	/usr/lib/system/libsystem_trace.dylib
0x0000000002d9e000 	/usr/lib/system/libunc.dylib
0x0000000002d9e000 	/usr/lib/system/libunwind.dylib
0x0000000002d9e000 	/usr/lib/system/libxpc.dylib
0x0000000002d9e000 	/usr/lib/libobjc.A.dylib
0x0000000002d9e000 	/usr/lib/libauto.dylib
0x0000000002d9e000 	/usr/lib/libDiagnosticMessagesClient.dylib
0x0000000002d9e000 	/usr/lib/libstdc++.6.dylib
0x00000001038e4000 	/Library/Java/JavaVirtualMachines/jdk1.8.0_101.jdk/Contents/Home/jre/lib/libverify.dylib
0x00000001038f2000 	/Library/Java/JavaVirtualMachines/jdk1.8.0_101.jdk/Contents/Home/jre/lib/libjava.dylib
0x0000000002d9e000 	/System/Library/Frameworks/CoreFoundation.framework/Versions/A/CoreFoundation
0x0000000002d9e000 	/System/Library/Frameworks/Foundation.framework/Versions/C/Foundation
0x0000000002d9e000 	/System/Library/Frameworks/Security.framework/Versions/A/Security
0x0000000002d9e000 	/System/Library/Frameworks/SystemConfiguration.framework/Versions/A/SystemConfiguration
0x0000000002d9e000 	/usr/lib/libicucore.A.dylib
0x0000000002d9e000 	/usr/lib/libz.1.dylib
0x0000000002d9e000 	/usr/lib/libextension.dylib
0x0000000002d9e000 	/System/Library/Frameworks/DiskArbitration.framework/Versions/A/DiskArbitration
0x0000000002d9e000 	/usr/lib/libarchive.2.dylib
0x0000000002d9e000 	/usr/lib/libxml2.2.dylib
0x0000000002d9e000 	/System/Library/Frameworks/CFNetwork.framework/Versions/A/CFNetwork
0x0000000002d9e000 	/System/Library/Frameworks/CoreServices.framework/Versions/A/CoreServices
0x0000000002d9e000 	/usr/lib/liblangid.dylib
0x0000000002d9e000 	/System/Library/Frameworks/IOKit.framework/Versions/A/IOKit
0x0000000002d9e000 	/usr/lib/libCRFSuite.dylib
0x0000000002d9e000 	/usr/lib/libenergytrace.dylib
0x0000000002d9e000 	/usr/lib/libbsm.0.dylib
0x0000000002d9e000 	/usr/lib/system/libkxld.dylib
0x0000000002d9e000 	/usr/lib/libxar.1.dylib
0x0000000002d9e000 	/usr/lib/libsqlite3.dylib
0x0000000002d9e000 	/usr/lib/libpam.2.dylib
0x0000000002d9e000 	/usr/lib/libOpenScriptingUtil.dylib
0x0000000002d9e000 	/usr/lib/libbz2.1.0.dylib
0x0000000002d9e000 	/usr/lib/liblzma.5.dylib
0x0000000002d9e000 	/System/Library/Frameworks/CoreServices.framework/Versions/A/Frameworks/FSEvents.framework/Versions/A/FSEvents
0x0000000002d9e000 	/System/Library/Frameworks/CoreServices.framework/Versions/A/Frameworks/CarbonCore.framework/Versions/A/CarbonCore
0x0000000002d9e000 	/System/Library/Frameworks/CoreServices.framework/Versions/A/Frameworks/Metadata.framework/Versions/A/Metadata
0x0000000002d9e000 	/System/Library/Frameworks/CoreServices.framework/Versions/A/Frameworks/OSServices.framework/Versions/A/OSServices
0x0000000002d9e000 	/System/Library/Frameworks/CoreServices.framework/Versions/A/Frameworks/SearchKit.framework/Versions/A/SearchKit
0x0000000002d9e000 	/System/Library/Frameworks/CoreServices.framework/Versions/A/Frameworks/AE.framework/Versions/A/AE
0x0000000002d9e000 	/System/Library/Frameworks/CoreServices.framework/Versions/A/Frameworks/LaunchServices.framework/Versions/A/LaunchServices
0x0000000002d9e000 	/System/Library/Frameworks/CoreServices.framework/Versions/A/Frameworks/DictionaryServices.framework/Versions/A/DictionaryServices
0x0000000002d9e000 	/System/Library/Frameworks/CoreServices.framework/Versions/A/Frameworks/SharedFileList.framework/Versions/A/SharedFileList
0x0000000002d9e000 	/System/Library/Frameworks/NetFS.framework/Versions/A/NetFS
0x0000000002d9e000 	/System/Library/PrivateFrameworks/NetAuth.framework/Versions/A/NetAuth
0x0000000002d9e000 	/System/Library/PrivateFrameworks/login.framework/Versions/A/Frameworks/loginsupport.framework/Versions/A/loginsupport
0x0000000002d9e000 	/System/Library/PrivateFrameworks/TCC.framework/Versions/A/TCC
0x0000000002d9e000 	/usr/lib/libmecabra.dylib
0x0000000002d9e000 	/System/Library/Frameworks/ApplicationServices.framework/Versions/A/ApplicationServices
0x0000000002d9e000 	/System/Library/Frameworks/CoreGraphics.framework/Versions/A/CoreGraphics
0x0000000002d9e000 	/System/Library/Frameworks/CoreText.framework/Versions/A/CoreText
0x0000000002d9e000 	/System/Library/Frameworks/ImageIO.framework/Versions/A/ImageIO
0x0000000002d9e000 	/System/Library/Frameworks/ApplicationServices.framework/Versions/A/Frameworks/ATS.framework/Versions/A/ATS
0x0000000002d9e000 	/System/Library/Frameworks/ApplicationServices.framework/Versions/A/Frameworks/ColorSync.framework/Versions/A/ColorSync
0x0000000002d9e000 	/System/Library/Frameworks/ApplicationServices.framework/Versions/A/Frameworks/HIServices.framework/Versions/A/HIServices
0x0000000002d9e000 	/System/Library/Frameworks/ApplicationServices.framework/Versions/A/Frameworks/LangAnalysis.framework/Versions/A/LangAnalysis
0x0000000002d9e000 	/System/Library/Frameworks/ApplicationServices.framework/Versions/A/Frameworks/PrintCore.framework/Versions/A/PrintCore
0x0000000002d9e000 	/System/Library/Frameworks/ApplicationServices.framework/Versions/A/Frameworks/QD.framework/Versions/A/QD
0x0000000002d9e000 	/System/Library/Frameworks/ApplicationServices.framework/Versions/A/Frameworks/SpeechSynthesis.framework/Versions/A/SpeechSynthesis
0x0000000002d9e000 	/System/Library/Frameworks/IOSurface.framework/Versions/A/IOSurface
0x0000000002d9e000 	/System/Library/Frameworks/Accelerate.framework/Versions/A/Accelerate
0x0000000002d9e000 	/System/Library/PrivateFrameworks/MultitouchSupport.framework/Versions/A/MultitouchSupport
0x0000000002d9e000 	/System/Library/Frameworks/Metal.framework/Versions/A/Metal
0x0000000002d9e000 	/System/Library/Frameworks/Accelerate.framework/Versions/A/Frameworks/vImage.framework/Versions/A/vImage
0x0000000002d9e000 	/System/Library/Frameworks/Accelerate.framework/Versions/A/Frameworks/vecLib.framework/Versions/A/vecLib
0x0000000002d9e000 	/System/Library/Frameworks/Accelerate.framework/Versions/A/Frameworks/vecLib.framework/Versions/A/libvDSP.dylib
0x0000000002d9e000 	/System/Library/Frameworks/Accelerate.framework/Versions/A/Frameworks/vecLib.framework/Versions/A/libvMisc.dylib
0x0000000002d9e000 	/System/Library/Frameworks/Accelerate.framework/Versions/A/Frameworks/vecLib.framework/Versions/A/libLAPACK.dylib
0x0000000002d9e000 	/System/Library/Frameworks/Accelerate.framework/Versions/A/Frameworks/vecLib.framework/Versions/A/libBLAS.dylib
0x0000000002d9e000 	/System/Library/Frameworks/Accelerate.framework/Versions/A/Frameworks/vecLib.framework/Versions/A/libLinearAlgebra.dylib
0x0000000002d9e000 	/System/Library/Frameworks/Accelerate.framework/Versions/A/Frameworks/vecLib.framework/Versions/A/libSparseBLAS.dylib
0x0000000002d9e000 	/System/Library/PrivateFrameworks/GPUCompiler.framework/libmetal_timestamp.dylib
0x0000000002d9e000 	/System/Library/Frameworks/OpenGL.framework/Versions/A/Libraries/libCoreFSCache.dylib
0x0000000002d9e000 	/System/Library/PrivateFrameworks/IOAccelerator.framework/Versions/A/IOAccelerator
0x0000000002d9e000 	/System/Library/Frameworks/ApplicationServices.framework/Versions/A/Frameworks/ATS.framework/Versions/A/Resources/libFontParser.dylib
0x0000000002d9e000 	/System/Library/Frameworks/ApplicationServices.framework/Versions/A/Frameworks/ATS.framework/Versions/A/Resources/libFontRegistry.dylib
0x0000000002d9e000 	/System/Library/PrivateFrameworks/AppleVPA.framework/Versions/A/AppleVPA
0x0000000002d9e000 	/System/Library/PrivateFrameworks/AppleJPEG.framework/Versions/A/AppleJPEG
0x0000000002d9e000 	/System/Library/Frameworks/ImageIO.framework/Versions/A/Resources/libJPEG.dylib
0x0000000002d9e000 	/System/Library/Frameworks/ImageIO.framework/Versions/A/Resources/libTIFF.dylib
0x0000000002d9e000 	/System/Library/Frameworks/ImageIO.framework/Versions/A/Resources/libPng.dylib
0x0000000002d9e000 	/System/Library/Frameworks/ImageIO.framework/Versions/A/Resources/libGIF.dylib
0x0000000002d9e000 	/System/Library/Frameworks/ImageIO.framework/Versions/A/Resources/libJP2.dylib
0x0000000002d9e000 	/System/Library/Frameworks/ImageIO.framework/Versions/A/Resources/libRadiance.dylib
0x0000000002d9e000 	/System/Library/Frameworks/OpenGL.framework/Versions/A/OpenGL
0x0000000002d9e000 	/System/Library/Frameworks/CoreVideo.framework/Versions/A/CoreVideo
0x0000000002d9e000 	/System/Library/Frameworks/OpenGL.framework/Versions/A/Libraries/libGLU.dylib
0x0000000002d9e000 	/System/Library/Frameworks/OpenGL.framework/Versions/A/Libraries/libGFXShared.dylib
0x0000000002d9e000 	/System/Library/Frameworks/OpenGL.framework/Versions/A/Libraries/libGL.dylib
0x0000000002d9e000 	/System/Library/Frameworks/OpenGL.framework/Versions/A/Libraries/libGLImage.dylib
0x0000000002d9e000 	/System/Library/Frameworks/OpenGL.framework/Versions/A/Libraries/libCVMSPluginSupport.dylib
0x0000000002d9e000 	/System/Library/Frameworks/OpenGL.framework/Versions/A/Libraries/libCoreVMClient.dylib
0x0000000002d9e000 	/usr/lib/libcompression.dylib
0x0000000002d9e000 	/usr/lib/libcups.2.dylib
0x0000000002d9e000 	/System/Library/Frameworks/Kerberos.framework/Versions/A/Kerberos
0x0000000002d9e000 	/System/Library/Frameworks/GSS.framework/Versions/A/GSS
0x0000000002d9e000 	/usr/lib/libresolv.9.dylib
0x0000000002d9e000 	/usr/lib/libiconv.2.dylib
0x0000000002d9e000 	/System/Library/PrivateFrameworks/Heimdal.framework/Versions/A/Heimdal
0x0000000002d9e000 	/usr/lib/libheimdal-asn1.dylib
0x0000000002d9e000 	/System/Library/Frameworks/OpenDirectory.framework/Versions/A/OpenDirectory
0x0000000002d9e000 	/System/Library/PrivateFrameworks/CommonAuth.framework/Versions/A/CommonAuth
0x0000000002d9e000 	/System/Library/Frameworks/OpenDirectory.framework/Versions/A/Frameworks/CFOpenDirectory.framework/Versions/A/CFOpenDirectory
0x0000000002d9e000 	/System/Library/Frameworks/SecurityFoundation.framework/Versions/A/SecurityFoundation
0x0000000002d9e000 	/System/Library/Frameworks/CoreAudio.framework/Versions/A/CoreAudio
0x0000000002d9e000 	/System/Library/Frameworks/AudioToolbox.framework/Versions/A/AudioToolbox
0x0000000002d9e000 	/System/Library/PrivateFrameworks/LanguageModeling.framework/Versions/A/LanguageModeling
0x0000000002d9e000 	/usr/lib/libmarisa.dylib
0x0000000002d9e000 	/usr/lib/libChineseTokenizer.dylib
0x0000000002d9e000 	/usr/lib/libcmph.dylib
0x0000000002d9e000 	/System/Library/Frameworks/CoreData.framework/Versions/A/CoreData
0x0000000002d9e000 	/System/Library/Frameworks/ServiceManagement.framework/Versions/A/ServiceManagement
0x0000000002d9e000 	/usr/lib/libxslt.1.dylib
0x0000000049027000 	/System/Library/CoreServices/Encodings/libJapaneseConverter.dylib
0x0000000103983000 	/Library/Java/JavaVirtualMachines/jdk1.8.0_101.jdk/Contents/Home/jre/lib/libzip.dylib
0x000000011ea43000 	/System/Library/Frameworks/JavaVM.framework/Frameworks/JavaRuntimeSupport.framework/JavaRuntimeSupport
0x0000000002d9e000 	/System/Library/Frameworks/QuartzCore.framework/Versions/A/QuartzCore
0x000000011ea5e000 	/System/Library/Frameworks/JavaVM.framework/Versions/A/Frameworks/JavaNativeFoundation.framework/Versions/A/JavaNativeFoundation
0x000000011ea73000 	/System/Library/Frameworks/JavaVM.framework/Versions/A/JavaVM
0x0000000002d9e000 	/System/Library/PrivateFrameworks/CoreUI.framework/Versions/A/CoreUI
0x0000000002d9e000 	/System/Library/Frameworks/Cocoa.framework/Versions/A/Cocoa
0x0000000002d9e000 	/System/Library/Frameworks/Carbon.framework/Versions/A/Carbon
0x0000000002d9e000 	/System/Library/PrivateFrameworks/CoreSymbolication.framework/Versions/A/CoreSymbolication
0x0000000002d9e000 	/System/Library/Frameworks/AppKit.framework/Versions/C/AppKit
0x0000000002d9e000 	/System/Library/Frameworks/CoreImage.framework/Versions/A/CoreImage
0x0000000002d9e000 	/usr/lib/libFosl_dynamic.dylib
0x0000000002d9e000 	/System/Library/PrivateFrameworks/FaceCore.framework/Versions/A/FaceCore
0x0000000002d9e000 	/System/Library/Frameworks/OpenCL.framework/Versions/A/OpenCL
0x0000000002d9e000 	/System/Library/PrivateFrameworks/RemoteViewServices.framework/Versions/A/RemoteViewServices
0x0000000002d9e000 	/System/Library/PrivateFrameworks/UIFoundation.framework/Versions/A/UIFoundation
0x0000000002d9e000 	/usr/lib/libScreenReader.dylib
0x0000000002d9e000 	/System/Library/Frameworks/AudioUnit.framework/Versions/A/AudioUnit
0x0000000002d9e000 	/System/Library/PrivateFrameworks/DataDetectorsCore.framework/Versions/A/DataDetectorsCore
0x0000000002d9e000 	/System/Library/PrivateFrameworks/DesktopServicesPriv.framework/Versions/A/DesktopServicesPriv
0x0000000002d9e000 	/System/Library/Frameworks/Carbon.framework/Versions/A/Frameworks/HIToolbox.framework/Versions/A/HIToolbox
0x0000000002d9e000 	/System/Library/Frameworks/Carbon.framework/Versions/A/Frameworks/SpeechRecognition.framework/Versions/A/SpeechRecognition
0x0000000002d9e000 	/System/Library/PrivateFrameworks/PerformanceAnalysis.framework/Versions/A/PerformanceAnalysis
0x0000000002d9e000 	/System/Library/PrivateFrameworks/GenerationalStorage.framework/Versions/A/GenerationalStorage
0x0000000002d9e000 	/System/Library/PrivateFrameworks/Sharing.framework/Versions/A/Sharing
0x0000000002d9e000 	/System/Library/PrivateFrameworks/Backup.framework/Versions/A/Backup
0x0000000002d9e000 	/System/Library/Frameworks/Carbon.framework/Versions/A/Frameworks/Ink.framework/Versions/A/Ink
0x0000000002d9e000 	/System/Library/PrivateFrameworks/CrashReporterSupport.framework/Versions/A/CrashReporterSupport
0x0000000002d9e000 	/System/Library/PrivateFrameworks/IconServices.framework/Versions/A/IconServices
0x0000000002d9e000 	/System/Library/PrivateFrameworks/Apple80211.framework/Versions/A/Apple80211
0x0000000002d9e000 	/System/Library/Frameworks/CoreWLAN.framework/Versions/A/CoreWLAN
0x0000000002d9e000 	/System/Library/Frameworks/IOBluetooth.framework/Versions/A/IOBluetooth
0x0000000002d9e000 	/System/Library/PrivateFrameworks/CoreWiFi.framework/Versions/A/CoreWiFi
0x0000000002d9e000 	/System/Library/Frameworks/CoreBluetooth.framework/Versions/A/CoreBluetooth
0x0000000002d9e000 	/System/Library/PrivateFrameworks/ChunkingLibrary.framework/Versions/A/ChunkingLibrary
0x0000000002d9e000 	/System/Library/PrivateFrameworks/DebugSymbols.framework/Versions/A/DebugSymbols
0x0000000002d9e000 	/System/Library/PrivateFrameworks/Symbolication.framework/Versions/A/Symbolication
0x0000000002d9e000 	/System/Library/PrivateFrameworks/SpeechRecognitionCore.framework/Versions/A/SpeechRecognitionCore
0x000000011ea80000 	/System/Library/PrivateFrameworks/JavaLaunching.framework/Versions/A/JavaLaunching
0x0000000002d9e000 	/System/Library/Frameworks/Carbon.framework/Versions/A/Frameworks/CommonPanels.framework/Versions/A/CommonPanels
0x0000000002d9e000 	/System/Library/Frameworks/Carbon.framework/Versions/A/Frameworks/Help.framework/Versions/A/Help
0x0000000002d9e000 	/System/Library/Frameworks/Carbon.framework/Versions/A/Frameworks/ImageCapture.framework/Versions/A/ImageCapture
0x0000000002d9e000 	/System/Library/Frameworks/Carbon.framework/Versions/A/Frameworks/OpenScripting.framework/Versions/A/OpenScripting
0x0000000002d9e000 	/System/Library/Frameworks/Carbon.framework/Versions/A/Frameworks/Print.framework/Versions/A/Print
0x0000000002d9e000 	/System/Library/Frameworks/Carbon.framework/Versions/A/Frameworks/SecurityHI.framework/Versions/A/SecurityHI

VM Arguments:
java_command: <unknown>
java_class_path (initial): ./jalgs/:./jlibs/jgrapht-core-1.0.0.jar
Launcher Type: generic

Environment Variables:
PATH=/usr/bin:/bin:/usr/sbin:/sbin
LD_LIBRARY_PATH=/Library/Java/JavaVirtualMachines/jdk1.8.0_101.jdk/Contents/Home/jre/lib/server
SHELL=/bin/bash

Signal Handlers:
SIGSEGV: [libjvm.dylib+0x5af145], sa_mask[0]=11111111011111110111111111111111, sa_flags=SA_ONSTACK|SA_RESTART|SA_SIGINFO
SIGBUS: [libjvm.dylib+0x5af145], sa_mask[0]=11111111011111110111111111111111, sa_flags=SA_RESTART|SA_SIGINFO
SIGFPE: [libjvm.dylib+0x48694c], sa_mask[0]=11111111011111110111111111111111, sa_flags=SA_RESTART|SA_SIGINFO
SIGPIPE: [libjvm.dylib+0x48694c], sa_mask[0]=11111111011111110111111111111111, sa_flags=SA_RESTART|SA_SIGINFO
SIGXFSZ: [libjvm.dylib+0x48694c], sa_mask[0]=11111111011111110111111111111111, sa_flags=SA_RESTART|SA_SIGINFO
SIGILL: [libjvm.dylib+0x48694c], sa_mask[0]=11111111011111110111111111111111, sa_flags=SA_RESTART|SA_SIGINFO
SIGUSR1: SIG_DFL, sa_mask[0]=00000000000000000000000000000000, sa_flags=none
SIGUSR2: [libjvm.dylib+0x48646a], sa_mask[0]=00100000000000000000000000000000, sa_flags=SA_RESTART|SA_SIGINFO
SIGHUP: [libjvm.dylib+0x484a41], sa_mask[0]=11111111011111110111111111111111, sa_flags=SA_RESTART|SA_SIGINFO
SIGINT: [libjvm.dylib+0x484a41], sa_mask[0]=11111111011111110111111111111111, sa_flags=SA_RESTART|SA_SIGINFO
SIGTERM: [libjvm.dylib+0x484a41], sa_mask[0]=11111111011111110111111111111111, sa_flags=SA_RESTART|SA_SIGINFO
SIGQUIT: [libjvm.dylib+0x484a41], sa_mask[0]=11111111011111110111111111111111, sa_flags=SA_RESTART|SA_SIGINFO


---------------  S Y S T E M  ---------------

OS:Bsduname:Darwin 15.6.0 Darwin Kernel Version 15.6.0: Thu Sep  1 15:01:16 PDT 2016; root:xnu-3248.60.11~2/RELEASE_X86_64 x86_64
rlimit: STACK 8192k, CORE 0k, NPROC 709, NOFILE 10240, AS infinity
load average:1.67 1.67 1.66

CPU:total 8 (4 cores per cpu, 2 threads per core) family 6 model 70 stepping 1, cmov, cx8, fxsr, mmx, sse, sse2, sse3, ssse3, sse4.1, sse4.2, popcnt, avx, avx2, aes, clmul, erms, lzcnt, ht, tsc, tscinvbit, bmi1, bmi2

Memory: 4k page, physical 16777216k(1475448k free)

/proc/meminfo:


vm_info: Java HotSpot(TM) 64-Bit Server VM (25.101-b13) for bsd-amd64 JRE (1.8.0_101-b13), built on Jun 22 2016 02:42:15 by "java_re" with gcc 4.2.1 (Based on Apple Inc. build 5658) (LLVM build 2336.11.00)

time: Tue Nov 15 14:16:40 2016
elapsed time: 0 seconds (0d 0h 0m 0s)

