#
# A fatal error has been detected by the Java Runtime Environment:
#
#  SIGSEGV (0xb) at pc=0x000000010039c244, pid=35142, tid=0x0000000000000a0b
#
# JRE version: Java(TM) SE Runtime Environment (8.0_101-b13) (build 1.8.0_101-b13)
# Java VM: Java HotSpot(TM) 64-Bit Server VM (25.101-b13 mixed mode bsd-amd64 compressed oops)
# Problematic frame:
# V  [libjvm.dylib+0x324244]
#
# Failed to write core dump. Core dumps have been disabled. To enable core dumping, try "ulimit -c unlimited" before starting Java again
#
# If you would like to submit a bug report, please visit:
#   http://bugreport.java.com/bugreport/crash.jsp
#

---------------  T H R E A D  ---------------

Current thread (0x00007fc06b001800):  JavaThread "main" [_thread_in_vm, id=2571, stack(0x00007fff5f395000,0x00007fff5fb95000)]

siginfo: si_signo: 11 (SIGSEGV), si_code: 1 (SEGV_MAPERR), si_addr: 0x0000000000000000

Registers:
RAX=0x000000011a480320, RBX=0x00007fc06b001800, RCX=0x0000000000000028, RDX=0x0000000000000000
RSP=0x00007fff5fb93da0, RBP=0x00007fff5fb93de0, RSI=0x000000010006fd3a, RDI=0x000000011a480320
R8 =0x0000000000009b68, R9 =0x000000010065dfd8, R10=0x0000000000000090, R11=0x00007fbf699ad735
R12=0x0000000000000000, R13=0x000000011a47f790, R14=0x000000011a480320, R15=0x000000010006fd58
RIP=0x000000010039c244, EFLAGS=0x0000000000010202, ERR=0x0000000000000004
  TRAPNO=0x000000000000000e

Top of Stack: (sp=0x00007fff5fb93da0)
0x00007fff5fb93da0:   00007fff5fb93dd0 000000076adeee30
0x00007fff5fb93db0:   00009b6823255ddc 000000010006fd3a
0x00007fff5fb93dc0:   00007fc06b0019f8 00007fc06b001800
0x00007fff5fb93dd0:   000000010006fd58 0000000000000000
0x00007fff5fb93de0:   00007fff5fb93e50 000000010038c007
0x00007fff5fb93df0:   00007fc06b0019f8 00007fc06b001800
0x00007fff5fb93e00:   00007fc069d00c30 00007fc0000000d0
0x00007fff5fb93e10:   000000010068df66 00007fc06b001800
0x00007fff5fb93e20:   00007fc06b001800 0000000000000000
0x00007fff5fb93e30:   0000000000000000 0000000000000000
0x00007fff5fb93e40:   0000000000000000 0000000000000000
0x00007fff5fb93e50:   00007fff5fb93e90 000000010006d4cd
0x00007fff5fb93e60:   000000010038bf89 000000010006fd58
0x00007fff5fb93e70:   000000010006fd3a 000000010006fd58
0x00007fff5fb93e80:   0000000000000000 00007fc06b0019f8
0x00007fff5fb93e90:   00007fff5fb94170 000000010006db49
0x00007fff5fb93ea0:   0000000000000000 0000000000000000
0x00007fff5fb93eb0:   00007fc069d01888 00007fc06b0019f8
0x00007fff5fb93ec0:   00007fc069c03b60 00000001000701b8
0x00007fff5fb93ed0:   00007fc06b0019f8 00007fff5fb941f9
0x00007fff5fb93ee0:   00007fff5fb941f8 00007fc06b0019f8
0x00007fff5fb93ef0:   00007fff5fb94211 00007fff5fb94210
0x00007fff5fb93f00:   00007fc069c03b90 00007fff5fb941f8
0x00007fff5fb93f10:   00007fc06b0019f8 0000000000000006
0x00007fff5fb93f20:   00007fff5fb93f50 00007fff969c3725
0x00007fff5fb93f30:   0000000000000001 00007fff5fb94067
0x00007fff5fb93f40:   0000000000000001 00007fff76aa2348
0x00007fff5fb93f50:   00007fff5fb93fb0 00007fff969c6039
0x00007fff5fb93f60:   00007fff5fb93fe8 00007fff5fb93fd8
0x00007fff5fb93f70:   0000000069e02940 00007fff5fb93fe8
0x00007fff5fb93f80:   0000000000000000 00007fc069e078e0
0x00007fff5fb93f90:   00007fc069e078d8 00007fc069d018a8 

Instructions: (pc=0x000000010039c244)
0x000000010039c224:   8d 55 d4 4c 89 f7 e8 91 f0 20 00 4d 85 ed 49 89
0x000000010039c234:   c6 0f 84 38 01 00 00 4d 85 f6 0f 84 2f 01 00 00
0x000000010039c244:   49 8b 3c 24 e8 c3 9b fc ff 84 c0 74 20 4c 8d 25
0x000000010039c254:   a8 04 5e 00 49 8b 8c 24 48 04 00 00 48 8d 35 a9 

Register to memory mapping:

RAX=0x000000011a480320 is an unknown value
RBX=0x00007fc06b001800 is a thread
RCX=0x0000000000000028 is an unknown value
RDX=0x0000000000000000 is an unknown value
RSP=0x00007fff5fb93da0 is pointing into the stack for thread: 0x00007fc06b001800
RBP=0x00007fff5fb93de0 is pointing into the stack for thread: 0x00007fc06b001800
RSI=0x000000010006fd3a: GCC_except_table0+0x256 in /Users/zhangshanming/eclipse/cpp-neon/workspace/jnicall/Debug/jnicall at 0x000000010006b000
RDI=0x000000011a480320 is an unknown value
R8 =0x0000000000009b68 is an unknown value
R9 =0x000000010065dfd8: _ZL24decode_instructions_name+0x9b8 in /Library/Java/JavaVirtualMachines/jdk1.8.0_101.jdk/Contents/Home/jre/lib/server/libjvm.dylib at 0x0000000100078000
R10=0x0000000000000090 is an unknown value
R11=0x00007fbf699ad735 is an unknown value
R12=0x0000000000000000 is an unknown value
R13=0x000000011a47f790 is an unknown value
R14=0x000000011a480320 is an unknown value
R15=0x000000010006fd58: GCC_except_table0+0x274 in /Users/zhangshanming/eclipse/cpp-neon/workspace/jnicall/Debug/jnicall at 0x000000010006b000


Stack: [0x00007fff5f395000,0x00007fff5fb95000],  sp=0x00007fff5fb93da0,  free space=8187k
Native frames: (J=compiled Java code, j=interpreted, Vv=VM code, C=native code)
V  [libjvm.dylib+0x324244]
V  [libjvm.dylib+0x314007]
C  [jnicall+0x24cd]  _ZN7JNIEnv_11GetMethodIDEP7_jclassPKcS3_+0x4d
C  [jnicall+0x2b49]  _ZN24JNI_CALL_JAVA_ALGORITHMs32JNI_CALL_JAVA_Get_KShortestPathsENSt3__112basic_stringIcNS0_11char_traitsIcEENS0_9allocatorIcEEEES6_+0x459
C  [jnicall+0x45f5]  main+0x2c5
C  [libdyld.dylib+0x35ad]  start+0x1
C  0x0000000000000001


---------------  P R O C E S S  ---------------

Java Threads: ( => current thread )
  0x00007fc06a065800 JavaThread "Service Thread" daemon [_thread_blocked, id=18947, stack(0x00007000011cd000,0x00007000012cd000)]
  0x00007fc06a041800 JavaThread "C1 CompilerThread3" daemon [_thread_blocked, id=18435, stack(0x00007000010ca000,0x00007000011ca000)]
  0x00007fc06a041000 JavaThread "C2 CompilerThread2" daemon [_thread_blocked, id=17923, stack(0x0000700000fc7000,0x00007000010c7000)]
  0x00007fc06a801800 JavaThread "C2 CompilerThread1" daemon [_thread_blocked, id=17411, stack(0x0000700000ec4000,0x0000700000fc4000)]
  0x00007fc06b000000 JavaThread "C2 CompilerThread0" daemon [_thread_blocked, id=16899, stack(0x0000700000dc1000,0x0000700000ec1000)]
  0x00007fc06b015000 JavaThread "Signal Dispatcher" daemon [_thread_blocked, id=12815, stack(0x0000700000cbe000,0x0000700000dbe000)]
  0x00007fc06b83f000 JavaThread "Finalizer" daemon [_thread_blocked, id=10755, stack(0x0000700000a1f000,0x0000700000b1f000)]
  0x00007fc06b00e800 JavaThread "Reference Handler" daemon [_thread_blocked, id=10243, stack(0x000070000091c000,0x0000700000a1c000)]
=>0x00007fc06b001800 JavaThread "main" [_thread_in_vm, id=2571, stack(0x00007fff5f395000,0x00007fff5fb95000)]

Other Threads:
  0x00007fc06a02e000 VMThread [stack: 0x0000700000819000,0x0000700000919000] [id=9731]
  0x00007fc06c800000 WatcherThread [stack: 0x00007000012d0000,0x00007000013d0000] [id=19459]

VM state:not at safepoint (normal execution)

VM Mutex/Monitor currently owned by a thread: None

Heap:
 PSYoungGen      total 76288K, used 3933K [0x000000076ab00000, 0x0000000770000000, 0x00000007c0000000)
  eden space 65536K, 6% used [0x000000076ab00000,0x000000076aed75f0,0x000000076eb00000)
  from space 10752K, 0% used [0x000000076f580000,0x000000076f580000,0x0000000770000000)
  to   space 10752K, 0% used [0x000000076eb00000,0x000000076eb00000,0x000000076f580000)
 ParOldGen       total 175104K, used 0K [0x00000006c0000000, 0x00000006cab00000, 0x000000076ab00000)
  object space 175104K, 0% used [0x00000006c0000000,0x00000006c0000000,0x00000006cab00000)
 Metaspace       used 3112K, capacity 4670K, committed 4864K, reserved 1056768K
  class space    used 338K, capacity 425K, committed 512K, reserved 1048576K

Card table byte_map: [0x00000001106ac000,0x0000000110ead000] byte_map_base: 0x000000010d0ac000

Marking Bits: (ParMarkBitMap*) 0x0000000100965d20
 Begin Bits: [0x0000000111403000, 0x0000000115403000)
 End Bits:   [0x0000000115403000, 0x0000000119403000)

Polling page: 0x00000001012d9000

CodeCache: size=245760Kb used=1276Kb max_used=1276Kb free=244483Kb
 bounds [0x00000001012ec000, 0x000000010155c000, 0x00000001102ec000]
 total_blobs=371 nmethods=108 adapters=177
 compilation: enabled

Compilation events (10 events):
Event: 0.106 Thread 0x00007fc06a041800 nmethod 99 0x0000000101427190 code [0x0000000101427300, 0x00000001014274d0]
Event: 0.106 Thread 0x00007fc06a041800  100       3       java.util.ArrayList$SubList$1::next (79 bytes)
Event: 0.107 Thread 0x00007fc06a041800 nmethod 100 0x0000000101426890 code [0x0000000101426a40, 0x0000000101426ee8]
Event: 0.107 Thread 0x00007fc06a041800  101       3       java.util.ArrayList$SubList$1::checkForComodification (26 bytes)
Event: 0.107 Thread 0x00007fc06a041800 nmethod 101 0x00000001014263d0 code [0x0000000101426540, 0x0000000101426768]
Event: 0.107 Thread 0x00007fc06a041800  102       3       java.util.HashMap::put (13 bytes)
Event: 0.107 Thread 0x00007fc06a041800 nmethod 102 0x0000000101428310 code [0x00000001014284a0, 0x0000000101428858]
Event: 0.107 Thread 0x00007fc06a041800  104       3       java.util.HashMap::containsKey (18 bytes)
Event: 0.107 Thread 0x00007fc06a041800 nmethod 104 0x0000000101428990 code [0x0000000101428b20, 0x0000000101428f18]
Event: 0.107 Thread 0x00007fc06a041800  106       3       java.util.ArrayList::rangeCheck (22 bytes)

GC Heap History (0 events):
No events

Deoptimization events (0 events):
No events

Internal exceptions (10 events):
Event: 0.078 Thread 0x00007fc06b001800 Exception <a 'java/util/zip/ZipException'> (0x000000076aba73a0) thrown at [/HUDSON3/workspace/8-2-build-macosx-x86_64/jdk8u101/7261/hotspot/src/share/vm/prims/jni.cpp, line 709]
Event: 0.078 Thread 0x00007fc06b001800 Exception <a 'java/security/PrivilegedActionException'> (0x000000076aba75a8) thrown at [/HUDSON3/workspace/8-2-build-macosx-x86_64/jdk8u101/7261/hotspot/src/share/vm/prims/jvm.cpp, line 1386]
Event: 0.078 Thread 0x00007fc06b001800 Exception <a 'java/security/PrivilegedActionException'> (0x000000076aba77b8) thrown at [/HUDSON3/workspace/8-2-build-macosx-x86_64/jdk8u101/7261/hotspot/src/share/vm/prims/jvm.cpp, line 1386]
Event: 0.079 Thread 0x00007fc06b001800 Exception <a 'java/util/zip/ZipException'> (0x000000076aba8538) thrown at [/HUDSON3/workspace/8-2-build-macosx-x86_64/jdk8u101/7261/hotspot/src/share/vm/prims/jni.cpp, line 709]
Event: 0.079 Thread 0x00007fc06b001800 Exception <a 'java/security/PrivilegedActionException'> (0x000000076aba8740) thrown at [/HUDSON3/workspace/8-2-build-macosx-x86_64/jdk8u101/7261/hotspot/src/share/vm/prims/jvm.cpp, line 1386]
Event: 0.079 Thread 0x00007fc06b001800 Exception <a 'java/security/PrivilegedActionException'> (0x000000076aba8950) thrown at [/HUDSON3/workspace/8-2-build-macosx-x86_64/jdk8u101/7261/hotspot/src/share/vm/prims/jvm.cpp, line 1386]
Event: 0.080 Thread 0x00007fc06b001800 Exception <a 'java/util/zip/ZipException'> (0x000000076abba610) thrown at [/HUDSON3/workspace/8-2-build-macosx-x86_64/jdk8u101/7261/hotspot/src/share/vm/prims/jni.cpp, line 709]
Event: 0.080 Thread 0x00007fc06b001800 Exception <a 'java/security/PrivilegedActionException'> (0x000000076abba818) thrown at [/HUDSON3/workspace/8-2-build-macosx-x86_64/jdk8u101/7261/hotspot/src/share/vm/prims/jvm.cpp, line 1386]
Event: 0.080 Thread 0x00007fc06b001800 Exception <a 'java/security/PrivilegedActionException'> (0x000000076abbaa28) thrown at [/HUDSON3/workspace/8-2-build-macosx-x86_64/jdk8u101/7261/hotspot/src/share/vm/prims/jvm.cpp, line 1386]
Event: 0.107 Thread 0x00007fc06b001800 Exception <a 'java/lang/NoClassDefFoundError': org.graph.algorithms.shortestpath.common.Path> (0x000000076adeee30) thrown at [/HUDSON3/workspace/8-2-build-macosx-x86_64/jdk8u101/7261/hotspot/src/share/vm/classfile/systemDictionary.cpp, line 208]

Events (10 events):
Event: 0.105 loading class sun/reflect/MethodAccessorGenerator$1
Event: 0.105 loading class sun/reflect/MethodAccessorGenerator$1 done
Event: 0.105 loading class sun/reflect/ClassDefiner
Event: 0.105 loading class sun/reflect/ClassDefiner done
Event: 0.105 loading class sun/reflect/ClassDefiner$1
Event: 0.105 loading class sun/reflect/ClassDefiner$1 done
Event: 0.105 loading class sun/reflect/BootstrapConstructorAccessorImpl
Event: 0.105 loading class sun/reflect/BootstrapConstructorAccessorImpl done
Event: 0.107 loading class org/graph/algorithms/shortestpath/common/Path
Event: 0.107 loading class org/graph/algorithms/shortestpath/common/Path done


Dynamic libraries:
0x0000000002d9e000 	/usr/lib/libc++.1.dylib
0x0000000100078000 	/Library/Java/JavaVirtualMachines/jdk1.8.0_101.jdk/Contents/Home/jre/lib/server/libjvm.dylib
0x0000000002d9e000 	/usr/lib/libSystem.B.dylib
0x0000000002d9e000 	/usr/lib/libc++abi.dylib
0x0000000002d9e000 	/usr/lib/system/libcache.dylib
0x0000000002d9e000 	/usr/lib/system/libcommonCrypto.dylib
0x0000000002d9e000 	/usr/lib/system/libcompiler_rt.dylib
0x0000000002d9e000 	/usr/lib/system/libcopyfile.dylib
0x0000000002d9e000 	/usr/lib/system/libcorecrypto.dylib
0x0000000002d9e000 	/usr/lib/system/libdispatch.dylib
0x0000000002d9e000 	/usr/lib/system/libdyld.dylib
0x0000000002d9e000 	/usr/lib/system/libkeymgr.dylib
0x0000000002d9e000 	/usr/lib/system/liblaunch.dylib
0x0000000002d9e000 	/usr/lib/system/libmacho.dylib
0x0000000002d9e000 	/usr/lib/system/libquarantine.dylib
0x0000000002d9e000 	/usr/lib/system/libremovefile.dylib
0x0000000002d9e000 	/usr/lib/system/libsystem_asl.dylib
0x0000000002d9e000 	/usr/lib/system/libsystem_blocks.dylib
0x0000000002d9e000 	/usr/lib/system/libsystem_c.dylib
0x0000000002d9e000 	/usr/lib/system/libsystem_configuration.dylib
0x0000000002d9e000 	/usr/lib/system/libsystem_coreservices.dylib
0x0000000002d9e000 	/usr/lib/system/libsystem_coretls.dylib
0x0000000002d9e000 	/usr/lib/system/libsystem_dnssd.dylib
0x0000000002d9e000 	/usr/lib/system/libsystem_info.dylib
0x0000000002d9e000 	/usr/lib/system/libsystem_kernel.dylib
0x0000000002d9e000 	/usr/lib/system/libsystem_m.dylib
0x0000000002d9e000 	/usr/lib/system/libsystem_malloc.dylib
0x0000000002d9e000 	/usr/lib/system/libsystem_network.dylib
0x0000000002d9e000 	/usr/lib/system/libsystem_networkextension.dylib
0x0000000002d9e000 	/usr/lib/system/libsystem_notify.dylib
0x0000000002d9e000 	/usr/lib/system/libsystem_platform.dylib
0x0000000002d9e000 	/usr/lib/system/libsystem_pthread.dylib
0x0000000002d9e000 	/usr/lib/system/libsystem_sandbox.dylib
0x0000000002d9e000 	/usr/lib/system/libsystem_secinit.dylib
0x0000000002d9e000 	/usr/lib/system/libsystem_trace.dylib
0x0000000002d9e000 	/usr/lib/system/libunc.dylib
0x0000000002d9e000 	/usr/lib/system/libunwind.dylib
0x0000000002d9e000 	/usr/lib/system/libxpc.dylib
0x0000000002d9e000 	/usr/lib/libobjc.A.dylib
0x0000000002d9e000 	/usr/lib/libauto.dylib
0x0000000002d9e000 	/usr/lib/libDiagnosticMessagesClient.dylib
0x0000000002d9e000 	/usr/lib/libstdc++.6.dylib
0x0000000101244000 	/Library/Java/JavaVirtualMachines/jdk1.8.0_101.jdk/Contents/Home/jre/lib/libverify.dylib
0x0000000101252000 	/Library/Java/JavaVirtualMachines/jdk1.8.0_101.jdk/Contents/Home/jre/lib/libjava.dylib
0x0000000002d9e000 	/System/Library/Frameworks/CoreFoundation.framework/Versions/A/CoreFoundation
0x0000000002d9e000 	/System/Library/Frameworks/Foundation.framework/Versions/C/Foundation
0x0000000002d9e000 	/System/Library/Frameworks/Security.framework/Versions/A/Security
0x0000000002d9e000 	/System/Library/Frameworks/SystemConfiguration.framework/Versions/A/SystemConfiguration
0x0000000002d9e000 	/usr/lib/libicucore.A.dylib
0x0000000002d9e000 	/usr/lib/libz.1.dylib
0x0000000002d9e000 	/usr/lib/libextension.dylib
0x0000000002d9e000 	/System/Library/Frameworks/DiskArbitration.framework/Versions/A/DiskArbitration
0x0000000002d9e000 	/usr/lib/libarchive.2.dylib
0x0000000002d9e000 	/usr/lib/libxml2.2.dylib
0x0000000002d9e000 	/System/Library/Frameworks/CFNetwork.framework/Versions/A/CFNetwork
0x0000000002d9e000 	/System/Library/Frameworks/CoreServices.framework/Versions/A/CoreServices
0x0000000002d9e000 	/usr/lib/liblangid.dylib
0x0000000002d9e000 	/System/Library/Frameworks/IOKit.framework/Versions/A/IOKit
0x0000000002d9e000 	/usr/lib/libCRFSuite.dylib
0x0000000002d9e000 	/usr/lib/libenergytrace.dylib
0x0000000002d9e000 	/usr/lib/libbsm.0.dylib
0x0000000002d9e000 	/usr/lib/system/libkxld.dylib
0x0000000002d9e000 	/usr/lib/libxar.1.dylib
0x0000000002d9e000 	/usr/lib/libsqlite3.dylib
0x0000000002d9e000 	/usr/lib/libpam.2.dylib
0x0000000002d9e000 	/usr/lib/libOpenScriptingUtil.dylib
0x0000000002d9e000 	/usr/lib/libbz2.1.0.dylib
0x0000000002d9e000 	/usr/lib/liblzma.5.dylib
0x0000000002d9e000 	/System/Library/Frameworks/CoreServices.framework/Versions/A/Frameworks/FSEvents.framework/Versions/A/FSEvents
0x0000000002d9e000 	/System/Library/Frameworks/CoreServices.framework/Versions/A/Frameworks/CarbonCore.framework/Versions/A/CarbonCore
0x0000000002d9e000 	/System/Library/Frameworks/CoreServices.framework/Versions/A/Frameworks/Metadata.framework/Versions/A/Metadata
0x0000000002d9e000 	/System/Library/Frameworks/CoreServices.framework/Versions/A/Frameworks/OSServices.framework/Versions/A/OSServices
0x0000000002d9e000 	/System/Library/Frameworks/CoreServices.framework/Versions/A/Frameworks/SearchKit.framework/Versions/A/SearchKit
0x0000000002d9e000 	/System/Library/Frameworks/CoreServices.framework/Versions/A/Frameworks/AE.framework/Versions/A/AE
0x0000000002d9e000 	/System/Library/Frameworks/CoreServices.framework/Versions/A/Frameworks/LaunchServices.framework/Versions/A/LaunchServices
0x0000000002d9e000 	/System/Library/Frameworks/CoreServices.framework/Versions/A/Frameworks/DictionaryServices.framework/Versions/A/DictionaryServices
0x0000000002d9e000 	/System/Library/Frameworks/CoreServices.framework/Versions/A/Frameworks/SharedFileList.framework/Versions/A/SharedFileList
0x0000000002d9e000 	/System/Library/Frameworks/NetFS.framework/Versions/A/NetFS
0x0000000002d9e000 	/System/Library/PrivateFrameworks/NetAuth.framework/Versions/A/NetAuth
0x0000000002d9e000 	/System/Library/PrivateFrameworks/login.framework/Versions/A/Frameworks/loginsupport.framework/Versions/A/loginsupport
0x0000000002d9e000 	/System/Library/PrivateFrameworks/TCC.framework/Versions/A/TCC
0x0000000002d9e000 	/usr/lib/libmecabra.dylib
0x0000000002d9e000 	/System/Library/Frameworks/ApplicationServices.framework/Versions/A/ApplicationServices
0x0000000002d9e000 	/System/Library/Frameworks/CoreGraphics.framework/Versions/A/CoreGraphics
0x0000000002d9e000 	/System/Library/Frameworks/CoreText.framework/Versions/A/CoreText
0x0000000002d9e000 	/System/Library/Frameworks/ImageIO.framework/Versions/A/ImageIO
0x0000000002d9e000 	/System/Library/Frameworks/ApplicationServices.framework/Versions/A/Frameworks/ATS.framework/Versions/A/ATS
0x0000000002d9e000 	/System/Library/Frameworks/ApplicationServices.framework/Versions/A/Frameworks/ColorSync.framework/Versions/A/ColorSync
0x0000000002d9e000 	/System/Library/Frameworks/ApplicationServices.framework/Versions/A/Frameworks/HIServices.framework/Versions/A/HIServices
0x0000000002d9e000 	/System/Library/Frameworks/ApplicationServices.framework/Versions/A/Frameworks/LangAnalysis.framework/Versions/A/LangAnalysis
0x0000000002d9e000 	/System/Library/Frameworks/ApplicationServices.framework/Versions/A/Frameworks/PrintCore.framework/Versions/A/PrintCore
0x0000000002d9e000 	/System/Library/Frameworks/ApplicationServices.framework/Versions/A/Frameworks/QD.framework/Versions/A/QD
0x0000000002d9e000 	/System/Library/Frameworks/ApplicationServices.framework/Versions/A/Frameworks/SpeechSynthesis.framework/Versions/A/SpeechSynthesis
0x0000000002d9e000 	/System/Library/Frameworks/IOSurface.framework/Versions/A/IOSurface
0x0000000002d9e000 	/System/Library/Frameworks/Accelerate.framework/Versions/A/Accelerate
0x0000000002d9e000 	/System/Library/PrivateFrameworks/MultitouchSupport.framework/Versions/A/MultitouchSupport
0x0000000002d9e000 	/System/Library/Frameworks/Metal.framework/Versions/A/Metal
0x0000000002d9e000 	/System/Library/Frameworks/Accelerate.framework/Versions/A/Frameworks/vImage.framework/Versions/A/vImage
0x0000000002d9e000 	/System/Library/Frameworks/Accelerate.framework/Versions/A/Frameworks/vecLib.framework/Versions/A/vecLib
0x0000000002d9e000 	/System/Library/Frameworks/Accelerate.framework/Versions/A/Frameworks/vecLib.framework/Versions/A/libvDSP.dylib
0x0000000002d9e000 	/System/Library/Frameworks/Accelerate.framework/Versions/A/Frameworks/vecLib.framework/Versions/A/libvMisc.dylib
0x0000000002d9e000 	/System/Library/Frameworks/Accelerate.framework/Versions/A/Frameworks/vecLib.framework/Versions/A/libLAPACK.dylib
0x0000000002d9e000 	/System/Library/Frameworks/Accelerate.framework/Versions/A/Frameworks/vecLib.framework/Versions/A/libBLAS.dylib
0x0000000002d9e000 	/System/Library/Frameworks/Accelerate.framework/Versions/A/Frameworks/vecLib.framework/Versions/A/libLinearAlgebra.dylib
0x0000000002d9e000 	/System/Library/Frameworks/Accelerate.framework/Versions/A/Frameworks/vecLib.framework/Versions/A/libSparseBLAS.dylib
0x0000000002d9e000 	/System/Library/PrivateFrameworks/GPUCompiler.framework/libmetal_timestamp.dylib
0x0000000002d9e000 	/System/Library/Frameworks/OpenGL.framework/Versions/A/Libraries/libCoreFSCache.dylib
0x0000000002d9e000 	/System/Library/PrivateFrameworks/IOAccelerator.framework/Versions/A/IOAccelerator
0x0000000002d9e000 	/System/Library/Frameworks/ApplicationServices.framework/Versions/A/Frameworks/ATS.framework/Versions/A/Resources/libFontParser.dylib
0x0000000002d9e000 	/System/Library/Frameworks/ApplicationServices.framework/Versions/A/Frameworks/ATS.framework/Versions/A/Resources/libFontRegistry.dylib
0x0000000002d9e000 	/System/Library/PrivateFrameworks/AppleVPA.framework/Versions/A/AppleVPA
0x0000000002d9e000 	/System/Library/PrivateFrameworks/AppleJPEG.framework/Versions/A/AppleJPEG
0x0000000002d9e000 	/System/Library/Frameworks/ImageIO.framework/Versions/A/Resources/libJPEG.dylib
0x0000000002d9e000 	/System/Library/Frameworks/ImageIO.framework/Versions/A/Resources/libTIFF.dylib
0x0000000002d9e000 	/System/Library/Frameworks/ImageIO.framework/Versions/A/Resources/libPng.dylib
0x0000000002d9e000 	/System/Library/Frameworks/ImageIO.framework/Versions/A/Resources/libGIF.dylib
0x0000000002d9e000 	/System/Library/Frameworks/ImageIO.framework/Versions/A/Resources/libJP2.dylib
0x0000000002d9e000 	/System/Library/Frameworks/ImageIO.framework/Versions/A/Resources/libRadiance.dylib
0x0000000002d9e000 	/System/Library/Frameworks/OpenGL.framework/Versions/A/OpenGL
0x0000000002d9e000 	/System/Library/Frameworks/CoreVideo.framework/Versions/A/CoreVideo
0x0000000002d9e000 	/System/Library/Frameworks/OpenGL.framework/Versions/A/Libraries/libGLU.dylib
0x0000000002d9e000 	/System/Library/Frameworks/OpenGL.framework/Versions/A/Libraries/libGFXShared.dylib
0x0000000002d9e000 	/System/Library/Frameworks/OpenGL.framework/Versions/A/Libraries/libGL.dylib
0x0000000002d9e000 	/System/Library/Frameworks/OpenGL.framework/Versions/A/Libraries/libGLImage.dylib
0x0000000002d9e000 	/System/Library/Frameworks/OpenGL.framework/Versions/A/Libraries/libCVMSPluginSupport.dylib
0x0000000002d9e000 	/System/Library/Frameworks/OpenGL.framework/Versions/A/Libraries/libCoreVMClient.dylib
0x0000000002d9e000 	/usr/lib/libcompression.dylib
0x0000000002d9e000 	/usr/lib/libcups.2.dylib
0x0000000002d9e000 	/System/Library/Frameworks/Kerberos.framework/Versions/A/Kerberos
0x0000000002d9e000 	/System/Library/Frameworks/GSS.framework/Versions/A/GSS
0x0000000002d9e000 	/usr/lib/libresolv.9.dylib
0x0000000002d9e000 	/usr/lib/libiconv.2.dylib
0x0000000002d9e000 	/System/Library/PrivateFrameworks/Heimdal.framework/Versions/A/Heimdal
0x0000000002d9e000 	/usr/lib/libheimdal-asn1.dylib
0x0000000002d9e000 	/System/Library/Frameworks/OpenDirectory.framework/Versions/A/OpenDirectory
0x0000000002d9e000 	/System/Library/PrivateFrameworks/CommonAuth.framework/Versions/A/CommonAuth
0x0000000002d9e000 	/System/Library/Frameworks/OpenDirectory.framework/Versions/A/Frameworks/CFOpenDirectory.framework/Versions/A/CFOpenDirectory
0x0000000002d9e000 	/System/Library/Frameworks/SecurityFoundation.framework/Versions/A/SecurityFoundation
0x0000000002d9e000 	/System/Library/Frameworks/CoreAudio.framework/Versions/A/CoreAudio
0x0000000002d9e000 	/System/Library/Frameworks/AudioToolbox.framework/Versions/A/AudioToolbox
0x0000000002d9e000 	/System/Library/PrivateFrameworks/LanguageModeling.framework/Versions/A/LanguageModeling
0x0000000002d9e000 	/usr/lib/libmarisa.dylib
0x0000000002d9e000 	/usr/lib/libChineseTokenizer.dylib
0x0000000002d9e000 	/usr/lib/libcmph.dylib
0x0000000002d9e000 	/System/Library/Frameworks/CoreData.framework/Versions/A/CoreData
0x0000000002d9e000 	/System/Library/Frameworks/ServiceManagement.framework/Versions/A/ServiceManagement
0x0000000002d9e000 	/usr/lib/libxslt.1.dylib
0x0000000046987000 	/System/Library/CoreServices/Encodings/libJapaneseConverter.dylib
0x00000001012e3000 	/Library/Java/JavaVirtualMachines/jdk1.8.0_101.jdk/Contents/Home/jre/lib/libzip.dylib
0x000000011c3a3000 	/System/Library/Frameworks/JavaVM.framework/Frameworks/JavaRuntimeSupport.framework/JavaRuntimeSupport
0x0000000002d9e000 	/System/Library/Frameworks/QuartzCore.framework/Versions/A/QuartzCore
0x000000011c3be000 	/System/Library/Frameworks/JavaVM.framework/Versions/A/Frameworks/JavaNativeFoundation.framework/Versions/A/JavaNativeFoundation
0x000000011c3d3000 	/System/Library/Frameworks/JavaVM.framework/Versions/A/JavaVM
0x0000000002d9e000 	/System/Library/PrivateFrameworks/CoreUI.framework/Versions/A/CoreUI
0x0000000002d9e000 	/System/Library/Frameworks/Cocoa.framework/Versions/A/Cocoa
0x0000000002d9e000 	/System/Library/Frameworks/Carbon.framework/Versions/A/Carbon
0x0000000002d9e000 	/System/Library/PrivateFrameworks/CoreSymbolication.framework/Versions/A/CoreSymbolication
0x0000000002d9e000 	/System/Library/Frameworks/AppKit.framework/Versions/C/AppKit
0x0000000002d9e000 	/System/Library/Frameworks/CoreImage.framework/Versions/A/CoreImage
0x0000000002d9e000 	/usr/lib/libFosl_dynamic.dylib
0x0000000002d9e000 	/System/Library/PrivateFrameworks/FaceCore.framework/Versions/A/FaceCore
0x0000000002d9e000 	/System/Library/Frameworks/OpenCL.framework/Versions/A/OpenCL
0x0000000002d9e000 	/System/Library/PrivateFrameworks/RemoteViewServices.framework/Versions/A/RemoteViewServices
0x0000000002d9e000 	/System/Library/PrivateFrameworks/UIFoundation.framework/Versions/A/UIFoundation
0x0000000002d9e000 	/usr/lib/libScreenReader.dylib
0x0000000002d9e000 	/System/Library/Frameworks/AudioUnit.framework/Versions/A/AudioUnit
0x0000000002d9e000 	/System/Library/PrivateFrameworks/DataDetectorsCore.framework/Versions/A/DataDetectorsCore
0x0000000002d9e000 	/System/Library/PrivateFrameworks/DesktopServicesPriv.framework/Versions/A/DesktopServicesPriv
0x0000000002d9e000 	/System/Library/Frameworks/Carbon.framework/Versions/A/Frameworks/HIToolbox.framework/Versions/A/HIToolbox
0x0000000002d9e000 	/System/Library/Frameworks/Carbon.framework/Versions/A/Frameworks/SpeechRecognition.framework/Versions/A/SpeechRecognition
0x0000000002d9e000 	/System/Library/PrivateFrameworks/PerformanceAnalysis.framework/Versions/A/PerformanceAnalysis
0x0000000002d9e000 	/System/Library/PrivateFrameworks/GenerationalStorage.framework/Versions/A/GenerationalStorage
0x0000000002d9e000 	/System/Library/PrivateFrameworks/Sharing.framework/Versions/A/Sharing
0x0000000002d9e000 	/System/Library/PrivateFrameworks/Backup.framework/Versions/A/Backup
0x0000000002d9e000 	/System/Library/Frameworks/Carbon.framework/Versions/A/Frameworks/Ink.framework/Versions/A/Ink
0x0000000002d9e000 	/System/Library/PrivateFrameworks/CrashReporterSupport.framework/Versions/A/CrashReporterSupport
0x0000000002d9e000 	/System/Library/PrivateFrameworks/IconServices.framework/Versions/A/IconServices
0x0000000002d9e000 	/System/Library/PrivateFrameworks/Apple80211.framework/Versions/A/Apple80211
0x0000000002d9e000 	/System/Library/Frameworks/CoreWLAN.framework/Versions/A/CoreWLAN
0x0000000002d9e000 	/System/Library/Frameworks/IOBluetooth.framework/Versions/A/IOBluetooth
0x0000000002d9e000 	/System/Library/PrivateFrameworks/CoreWiFi.framework/Versions/A/CoreWiFi
0x0000000002d9e000 	/System/Library/Frameworks/CoreBluetooth.framework/Versions/A/CoreBluetooth
0x0000000002d9e000 	/System/Library/PrivateFrameworks/ChunkingLibrary.framework/Versions/A/ChunkingLibrary
0x0000000002d9e000 	/System/Library/PrivateFrameworks/DebugSymbols.framework/Versions/A/DebugSymbols
0x0000000002d9e000 	/System/Library/PrivateFrameworks/Symbolication.framework/Versions/A/Symbolication
0x0000000002d9e000 	/System/Library/PrivateFrameworks/SpeechRecognitionCore.framework/Versions/A/SpeechRecognitionCore
0x000000011c3e0000 	/System/Library/PrivateFrameworks/JavaLaunching.framework/Versions/A/JavaLaunching
0x0000000002d9e000 	/System/Library/Frameworks/Carbon.framework/Versions/A/Frameworks/CommonPanels.framework/Versions/A/CommonPanels
0x0000000002d9e000 	/System/Library/Frameworks/Carbon.framework/Versions/A/Frameworks/Help.framework/Versions/A/Help
0x0000000002d9e000 	/System/Library/Frameworks/Carbon.framework/Versions/A/Frameworks/ImageCapture.framework/Versions/A/ImageCapture
0x0000000002d9e000 	/System/Library/Frameworks/Carbon.framework/Versions/A/Frameworks/OpenScripting.framework/Versions/A/OpenScripting
0x0000000002d9e000 	/System/Library/Frameworks/Carbon.framework/Versions/A/Frameworks/Print.framework/Versions/A/Print
0x0000000002d9e000 	/System/Library/Frameworks/Carbon.framework/Versions/A/Frameworks/SecurityHI.framework/Versions/A/SecurityHI

VM Arguments:
java_command: <unknown>
java_class_path (initial): ./jalgs/:./jlibs/jgrapht-core-1.0.0.jar
Launcher Type: generic

Environment Variables:
PATH=/usr/bin:/bin:/usr/sbin:/sbin
LD_LIBRARY_PATH=/Library/Java/JavaVirtualMachines/jdk1.8.0_101.jdk/Contents/Home/jre/lib/server
SHELL=/bin/bash

Signal Handlers:
SIGSEGV: [libjvm.dylib+0x5af145], sa_mask[0]=11111111011111110111111111111111, sa_flags=SA_ONSTACK|SA_RESTART|SA_SIGINFO
SIGBUS: [libjvm.dylib+0x5af145], sa_mask[0]=11111111011111110111111111111111, sa_flags=SA_RESTART|SA_SIGINFO
SIGFPE: [libjvm.dylib+0x48694c], sa_mask[0]=11111111011111110111111111111111, sa_flags=SA_RESTART|SA_SIGINFO
SIGPIPE: [libjvm.dylib+0x48694c], sa_mask[0]=11111111011111110111111111111111, sa_flags=SA_RESTART|SA_SIGINFO
SIGXFSZ: [libjvm.dylib+0x48694c], sa_mask[0]=11111111011111110111111111111111, sa_flags=SA_RESTART|SA_SIGINFO
SIGILL: [libjvm.dylib+0x48694c], sa_mask[0]=11111111011111110111111111111111, sa_flags=SA_RESTART|SA_SIGINFO
SIGUSR1: SIG_DFL, sa_mask[0]=00000000000000000000000000000000, sa_flags=none
SIGUSR2: [libjvm.dylib+0x48646a], sa_mask[0]=00100000000000000000000000000000, sa_flags=SA_RESTART|SA_SIGINFO
SIGHUP: [libjvm.dylib+0x484a41], sa_mask[0]=11111111011111110111111111111111, sa_flags=SA_RESTART|SA_SIGINFO
SIGINT: [libjvm.dylib+0x484a41], sa_mask[0]=11111111011111110111111111111111, sa_flags=SA_RESTART|SA_SIGINFO
SIGTERM: [libjvm.dylib+0x484a41], sa_mask[0]=11111111011111110111111111111111, sa_flags=SA_RESTART|SA_SIGINFO
SIGQUIT: [libjvm.dylib+0x484a41], sa_mask[0]=11111111011111110111111111111111, sa_flags=SA_RESTART|SA_SIGINFO


---------------  S Y S T E M  ---------------

OS:Bsduname:Darwin 15.6.0 Darwin Kernel Version 15.6.0: Thu Sep  1 15:01:16 PDT 2016; root:xnu-3248.60.11~2/RELEASE_X86_64 x86_64
rlimit: STACK 8192k, CORE 0k, NPROC 709, NOFILE 10240, AS infinity
load average:1.74 1.94 1.81

CPU:total 8 (4 cores per cpu, 2 threads per core) family 6 model 70 stepping 1, cmov, cx8, fxsr, mmx, sse, sse2, sse3, ssse3, sse4.1, sse4.2, popcnt, avx, avx2, aes, clmul, erms, lzcnt, ht, tsc, tscinvbit, bmi1, bmi2

Memory: 4k page, physical 16777216k(1308508k free)

/proc/meminfo:


vm_info: Java HotSpot(TM) 64-Bit Server VM (25.101-b13) for bsd-amd64 JRE (1.8.0_101-b13), built on Jun 22 2016 02:42:15 by "java_re" with gcc 4.2.1 (Based on Apple Inc. build 5658) (LLVM build 2336.11.00)

time: Tue Nov 15 13:50:41 2016
elapsed time: 0 seconds (0d 0h 0m 0s)

